<?xml version="1.0" encoding="UTF-8"?>
<!-- Generated by org.testng.reporters.JUnitReportReporter -->
<testsuite skipped="0" hostname="DERIW42SLPC1327" name="com.tricentis.automation.scripts.fieldVerification.HomePageTests" tests="4" failures="0" timestamp="06 Mar 2020 17:10:24 GMT" time="14.498" errors="0">
  <testcase name="verifyAutomationlink" time="14.497" classname="com.tricentis.automation.scripts.fieldVerification.HomePageTests"/>
  <testcase name="verifyMotorCyclelink" time="0.000" classname="com.tricentis.automation.scripts.fieldVerification.HomePageTests"/>
  <testcase name="verifyTrucklink" time="0.000" classname="com.tricentis.automation.scripts.fieldVerification.HomePageTests"/>
  <testcase name="verifyCamperlink" time="0.001" classname="com.tricentis.automation.scripts.fieldVerification.HomePageTests"/>
</testsuite> <!-- com.tricentis.automation.scripts.fieldVerification.HomePageTests -->
